
다음에 접속됨: Oracle Database 18c Express Edition Release 18.0.0.0.0 - Production
Version 18.4.0.0.0

익스포트 파일은 규정 경로를 거쳐 EXPORT:V11.02.00 에 의해 생성되었습니다
KO16MSWIN949 문자집합과 AL16UTF16 NCHAR 문자 집합에 임포트가 완성되었습니다
AL32UTF8 문자 집합을 사용해서 서버를 임포트합니다 (문자집합 변환이 가능합니다)
IMP-00403: 

경고: 이 임포트는 권한 문제로 인해 실패한 DDL이 포함된 개별 SQL 파일 "expcust_sys.sql"을(를) 생성했습니다.

. ORA_USER 객체를 ORA_USER(으)로 임포트하는 중입니다
. ORA_USER 객체를 ORA_USER(으)로 임포트하는 중입니다
IMP-00017: 다음 명령이 실패하고 ORACLE 959 오류가 발생했습니다:
 "CREATE TABLE "SALES" ("PROD_ID" NUMBER(6, 0) NOT NULL ENABLE, "CUST_ID" NUM"
 "BER(6, 0) NOT NULL ENABLE, "CHANNEL_ID" NUMBER(6, 0) NOT NULL ENABLE, "EMPL"
 "OYEE_ID" NUMBER(6, 0) NOT NULL ENABLE, "SALES_DATE" DATE NOT NULL ENABLE, ""
 "SALES_MONTH" VARCHAR2(6), "QUANTITY_SOLD" NUMBER(10, 2), "AMOUNT_SOLD" NUMB"
 "ER(10, 2), "CREATE_DATE" DATE, "UPDATE_DATE" DATE)  PCTFREE 10 PCTUSED 40 I"
 "NITRANS 1 MAXTRANS 255 TABLESPACE "MYTS"  PARTITION BY RANGE ("SALES_MONTH""
 " )  (PARTITION "SALES_1995" VALUES LESS THAN ('199601')  PCTFREE 10 PCTUSED"
 " 40 INITRANS 1 MAXTRANS 255 STORAGE(INITIAL 65536 NEXT 1048576 MINEXTENTS 1"
 " FREELISTS 1 FREELIST GROUPS 1 BUFFER_POOL DEFAULT) TABLESPACE "MYTS" LOGGI"
 "NG NOCOMPRESS, PARTITION "SALES_1996" VALUES LESS THAN ('199701')  PCTFREE "
 "10 PCTUSED 40 INITRANS 1 MAXTRANS 255 STORAGE(INITIAL 65536 NEXT 1048576 MI"
 "NEXTENTS 1 FREELISTS 1 FREELIST GROUPS 1 BUFFER_POOL DEFAULT) TABLESPACE "M"
 "YTS" LOGGING NOCOMPRESS, PARTITION "SALES_H1_1997" VALUES LESS THAN ('19970"
 "7')  PCTFREE 10 PCTUSED 40 INITRANS 1 MAXTRANS 255 STORAGE(INITIAL 65536 NE"
 "XT 1048576 MINEXTENTS 1 FREELISTS 1 FREELIST GROUPS 1 BUFFER_POOL DEFAULT) "
 "TABLESPACE "MYTS" LOGGING NOCOMPRESS, PARTITION "SALES_H2_1997" VALUES LESS"
 " THAN ('199801')  PCTFREE 10 PCTUSED 40 INITRANS 1 MAXTRANS 255 STORAGE(INI"
 "TIAL 65536 NEXT 1048576 MINEXTENTS 1 FREELISTS 1 FREELIST GROUPS 1 BUFFER_P"
 "OOL DEFAULT) TABLESPACE "MYTS" LOGGING NOCOMPRESS, PARTITION "SALES_Q1_1998"
 "" VALUES LESS THAN ('199804')  PCTFREE 10 PCTUSED 40 INITRANS 1 MAXTRANS 25"
 "5 STORAGE(INITIAL 3145728 NEXT 1048576 MINEXTENTS 1 FREELISTS 1 FREELIST GR"
 "OUPS 1 BUFFER_POOL DEFAULT) TABLESPACE "MYTS" LOGGING NOCOMPRESS, PARTITION"
 " "SALES_Q2_1998" VALUES LESS THAN ('199807')  PCTFREE 10 PCTUSED 40 INITRAN"
 "S 1 MAXTRANS 255 STORAGE(INITIAL 3145728 NEXT 1048576 MINEXTENTS 1 FREELIST"
 "S 1 FREELIST GROUPS 1 BUFFER_POOL DEFAULT) TABLESPACE "MYTS" LOGGING NOCOMP"
 "RESS, PARTITION "SALES_Q3_1998" VALUES LESS THAN ('199810')  PCTFREE 10 PCT"
 "USED 40 INITRANS 1 MAXTRANS 255 STORAGE(INITIAL 4194304 NEXT 1048576 MINEXT"
 "ENTS 1 FREELISTS 1 FREELIST GROUPS 1 BUFFER_POOL DEFAULT) TABLESPACE "MYTS""
 " LOGGING NOCOMPRESS, PARTITION "SALES_Q4_1998" VALUES LESS THAN ('199901') "
 " PCTFREE 10 PCTUSED 40 INITRANS 1 MAXTRANS 255 STORAGE(INITIAL 4194304 NEXT"
 " 1048576 MINEXTENTS 1 FREELISTS 1 FREELIST GROUPS 1 BUFFER_POOL DEFAULT) TA"
 "BLESPACE "MYTS" LOGGING NOCOMPRESS, PARTITION "SALES_Q1_1999" VALUES LESS T"
 "HAN ('199904')  PCTFREE 10 PCTUSED 40 INITRANS 1 MAXTRANS 255 STORAGE(INITI"
 "AL 5242880 NEXT 1048576 MINEXTENTS 1 FREELISTS 1 FREELIST GROUPS 1 BUFFER_P"
 "OOL DEFAULT) TABLESPACE "MYTS" LOGGING NOCOMPRESS, PARTITION "SALES_Q2_1999"
 "" VALUES LESS THAN ('199907')  PCTFREE 10 PCTUSED 40 INITRANS 1 MAXTRANS 25"
 "5 STORAGE(INITIAL 4194304 NEXT 1048576 MINEXTENTS 1 FREELISTS 1 FREELIST GR"
 "OUPS 1 BUFFER_POOL DEFAULT) TABLESPACE "MYTS" LOGGING NOCOMPRESS, PARTITION"
 " "SALES_Q3_1999" VALUES LESS THAN ('199910')  PCTFREE 10 PCTUSED 40 INITRAN"
 "S 1 MAXTRANS 255 STORAGE(INITIAL 5242880 NEXT 1048576 MINEXTENTS 1 FREELIST"
 "S 1 FREELIST GROUPS 1 BUFFER_POOL DEFAULT) TABLESPACE "MYTS" LOGGING NOCOMP"
 "RESS, PARTITION "SALES_Q4_1999" VALUES LESS THAN ('200001')  PCTFREE 10 PCT"
 "USED 40 INITRANS 1 MAXTRANS 255 STORAGE(INITIAL 4194304 NEXT 1048576 MINEXT"
 "ENTS 1 FREELISTS 1 FREELIST GROUPS 1 BUFFER_POOL DEFAULT) TABLESPACE "MYTS""
 " LOGGING NOCOMPRESS, PARTITION "SALES_Q1_2000" VALUES LESS THAN ('200004') "
 " PCTFREE 10 PCTUSED 40 INITRANS 1 MAXTRANS 255 STORAGE(INITIAL 5242880 NEXT"
 " 1048576 MINEXTENTS 1 FREELISTS 1 FREELIST GROUPS 1 BUFFER_POOL DEFAULT) TA"
 "BLESPACE "MYTS" LOGGING NOCOMPRESS, PARTITION "SALES_Q2_2000" VALUES LESS T"
 "HAN ('200007')  PCTFREE 10 PCTUSED 40 INITRANS 1 MAXTRANS 255 STORAGE(INITI"
 "AL 4194304 NEXT 1048576 MINEXTENTS 1 FREELISTS 1 FREELIST GROUPS 1 BUFFER_P"
 "OOL DEFAULT) TABLESPACE "MYTS" LOGGING NOCOMPRESS, PARTITION "SALES_Q3_2000"
 "" VALUES LESS THAN ('200010')  PCTFREE 10 PCTUSED 40 INITRANS 1 MAXTRANS 25"
 "5 STORAGE(INITIAL 4194304 NEXT 1048576 MINEXTENTS 1 FREELISTS 1 FREELIST GR"
 "OUPS 1 BUFFER_POOL DEFAULT) TABLESPACE "MYTS" LOGGING NOCOMPRESS, PARTITION"
 " "SALES_Q4_2000" VALUES LESS THAN ('200101')  PCTFREE 10 PCTUSED 40 INITRAN"
 "S 1 MAXTRANS 255 STORAGE(INITIAL 4194304 NEXT 1048576 MINEXTENTS 1 FREELIST"
 "S 1 FREELIST GROUPS 1 BUFFER_POOL DEFAULT) TABLESPACE "MYTS" LOGGING NOCOMP"
 "RESS, PARTITION "SALES_Q1_2001" VALUES LESS THAN ('200104')  PCTFREE 10 PCT"
 "USED 40 INITRANS 1 MAXTRANS 255 STORAGE(INITIAL 4194304 NEXT 1048576 MINEXT"
 "ENTS 1 FREELISTS 1 FREELIST GROUPS 1 BUFFER_POOL DEFAULT) TABLESPACE "MYTS""
 " LOGGING NOCOMPRESS, PARTITION "SALES_Q2_2001" VALUES LESS THAN ('200107') "
 " PCTFREE 10 PCTUSED 40 INITRANS 1 MAXTRANS 255 STORAGE(INITIAL 5242880 NEXT"
 " 1048576 MINEXTENTS 1 FREELISTS 1 FREELIST GROUPS 1 BUFFER_POOL DEFAULT) TA"
 "BLESPACE "MYTS" LOGGING NOCOMPRESS, PARTITION "SALES_Q3_2001" VALUES LESS T"
 "HAN ('200110')  PCTFREE 10 PCTUSED 40 INITRANS 1 MAXTRANS 255 STORAGE(INITI"
 "AL 5242880 NEXT 1048576 MINEXTENTS 1 FREELISTS 1 FREELIST GROUPS 1 BUFFER_P"
 "OOL DEFAULT) TABLESPACE "MYTS" LOGGING NOCOMPRESS, PARTITION "SALES_Q4_2001"
 "" VALUES LESS THAN ('200201')  PCTFREE 10 PCTUSED 40 INITRANS 1 MAXTRANS 25"
 "5 STORAGE(INITIAL 5242880 NEXT 1048576 MINEXTENTS 1 FREELISTS 1 FREELIST GR"
 "OUPS 1 BUFFER_POOL DEFAULT) TABLESPACE "MYTS" LOGGING NOCOMPRESS, PARTITION"
 " "SALES_Q1_2002" VALUES LESS THAN ('200204')  PCTFREE 10 PCTUSED 40 INITRAN"
 "S 1 MAXTRANS 255 STORAGE(INITIAL 65536 NEXT 1048576 MINEXTENTS 1 FREELISTS "
 "1 FREELIST GROUPS 1 BUFFER_POOL DEFAULT) TABLESPACE "MYTS" LOGGING NOCOMPRE"
 "SS, PARTITION "SALES_Q2_2002" VALUES LESS THAN ('200207')  PCTFREE 10 PCTUS"
 "ED 40 INITRANS 1 MAXTRANS 255 STORAGE(INITIAL 65536 NEXT 1048576 MINEXTENTS"
 " 1 FREELISTS 1 FREELIST GROUPS 1 BUFFER_POOL DEFAULT) TABLESPACE "MYTS" LOG"
 "GING NOCOMPRESS, PARTITION "SALES_Q3_2002" VALUES LESS THAN ('200210')  PCT"
 "FREE 10 PCTUSED 40 INITRANS 1 MAXTRANS 255 STORAGE(INITIAL 65536 NEXT 10485"
 "76 MINEXTENTS 1 FREELISTS 1 FREELIST GROUPS 1 BUFFER_POOL DEFAULT) TABLESPA"
 "CE "MYTS" LOGGING NOCOMPRESS, PARTITION "SALES_Q4_2002" VALUES LESS THAN ('"
 "200301')  PCTFREE 10 PCTUSED 40 INITRANS 1 MAXTRANS 255 STORAGE(INITIAL 655"
 "36 NEXT 1048576 MINEXTENTS 1 FREELISTS 1 FREELIST GROUPS 1 BUFFER_POOL DEFA"
 "ULT) TABLESPACE "MYTS" LOGGING NOCOMPRESS, PARTITION "SALES_Q1_2003" VALUES"
 " LESS THAN ('200304')  PCTFREE 10 PCTUSED 40 INITRANS 1 MAXTRANS 255 STORAG"
 "E(INITIAL 65536 NEXT 1048576 MINEXTENTS 1 FREELISTS 1 FREELIST GROUPS 1 BUF"
 "FER_POOL DEFAULT) TABLESPACE "MYTS" LOGGING NOCOMPRESS, PARTITION "SALES_Q2"
 "_2003" VALUES LESS THAN ('200307')  PCTFREE 10 PCTUSED 40 INITRANS 1 MAXTRA"
 "NS 255 STORAGE(INITIAL 65536 NEXT 1048576 MINEXTENTS 1 FREELISTS 1 FREELIST"
 " GROUPS 1 BUFFER_POOL DEFAULT) TABLESPACE "MYTS" LOGGING NOCOMPRESS, PARTIT"
 "ION "SALES_Q3_2003" VALUES LESS THAN ('200310')  PCTFREE 10 PCTUSED 40 INIT"
 "RANS 1 MAXTRANS 255 STORAGE(INITIAL 65536 NEXT 1048576 MINEXTENTS 1 FREELIS"
 "TS 1 FREELIST GROUPS 1 BUFFER_POOL DEFAULT) TABLESPACE "MYTS" LOGGING NOCOM"
 "PRESS, PARTITION "SALES_Q4_2003" VALUES LESS THAN ('200401')  PCTFREE 10 PC"
 "TUSED 40 INITRANS 1 MAXTRANS 255 STORAGE(INITIAL 65536 NEXT 1048576 MINEXTE"
 "NTS 1 FREELISTS 1 FREELIST GROUPS 1 BUFFER_POOL DEFAULT) TABLESPACE "MYTS" "
 "LOGGING NOCOMPRESS )"
IMP-00003: ORACLE 오류 959이(가) 발생했습니다.
ORA-00959: 테이블스페이스 'MYTS'이(가) 존재하지 않습니다.
경고와 함께 임포트가 정상 종료되었습니다.
